<?xml version="1.0" encoding="UTF-8"?>
<!-- Generated by org.testng.reporters.JUnitXMLReporter -->
<testsuite hostname="LN0C5772E6454B" name="Command line test" tests="10" failures="0" timestamp="31 Jul 2018 04:24:55 GMT" time="28.702" errors="0">
  <testcase name="googleTest" time="4.275" classname="Arquillian1.SearchPageTest"/>
  <testcase name="googleTest" time="2.325" classname="Arquillian1.SearchPageTest"/>
  <testcase name="googleTest" time="2.003" classname="Arquillian1.SearchPageTest"/>
  <testcase name="googleTest" time="2.622" classname="Arquillian1.SearchPageTest"/>
  <testcase name="googleTest" time="2.507" classname="Arquillian1.SearchPageTest"/>
  <testcase name="googleTest" time="2.388" classname="Arquillian1.SearchPageTest"/>
  <testcase name="googleTest" time="2.307" classname="Arquillian1.SearchPageTest"/>
  <testcase name="googleTest" time="1.465" classname="Arquillian1.SearchPageTest"/>
  <testcase name="googleTest" time="1.675" classname="Arquillian1.SearchPageTest"/>
  <testcase name="googleTest" time="2.074" classname="Arquillian1.SearchPageTest"/>
</testsuite> <!-- Command line test -->
